commit 71e1ab4c6c0de6d3ee4ca53cbdc99dd70b775ed5
Merge: 05d7382 bc956fb
Author: ChoEunNam <70051949+JoEunNam@users.noreply.github.com>
Date:   Wed Nov 8 12:45:01 2023 +0000

    Merge pull request #16 from mukmookk/RasberryPi
    
    Rasberry pi

commit bc956fb81c6086a662e9659a70e1bd6746e31d6d
Author: JoEunNam <jen9581@gmail.com>
Date:   Wed Nov 8 21:41:53 2023 +0900

    Nothing

commit 147795fb7deb1f6311607e86e30cd10937e91f35
Author: JoEunNam <jen9581@gmail.com>
Date:   Wed Nov 8 19:38:23 2023 +0900

    Nothing

commit 5675bf6065ea09fffe83f86ab2dc39cfb0563249
Merge: c40ac50 05d7382
Author: JoEunNam <jen9581@gmail.com>
Date:   Wed Nov 8 19:38:15 2023 +0900

    Merge branch 'main' of https://github.com/mukmookk/Garodeung into RasberryPi

commit 05d73823d53ba5deb041dffb9b3fa9b48bd55864
Merge: 375d0e3 e1670b8
Author: ChoEunNam <70051949+JoEunNam@users.noreply.github.com>
Date:   Wed Nov 8 10:37:26 2023 +0000

    Merge pull request #15 from mukmookk/CV
    
    Merge pull request #14 from mukmookk/main

commit c40ac508f1acf8b1da4e6576d8d0aeee2301edc8
Author: JoEunNam <jen9581@gmail.com>
Date:   Wed Nov 8 19:36:01 2023 +0900

    Nothing

commit e1670b88176913b05e5ba7ed61ba9478b5fbf253
Merge: fa1f169 375d0e3
Author: ChoEunNam <70051949+JoEunNam@users.noreply.github.com>
Date:   Wed Nov 8 10:33:14 2023 +0000

    Merge pull request #14 from mukmookk/main
    
    Merge pull request #13 from mukmookk/CV

commit 375d0e38004760d10b038617e2733baf085efa80
Merge: b3129a0 fa1f169
Author: ChoEunNam <70051949+JoEunNam@users.noreply.github.com>
Date:   Wed Nov 8 10:31:40 2023 +0000

    Merge pull request #13 from mukmookk/CV
    
    Cv

commit fa1f169184d4721a82996e6975c532b97daf32b7
Merge: 54b13e7 4724fe8
Author: JoEunNam <jen9581@gmail.com>
Date:   Wed Nov 8 19:28:05 2023 +0900

    Merge branch 'CV' of https://github.com/mukmookk/Garodeung into CV

commit 54b13e7ac2d8e45377fe403177654552177c97e7
Author: JoEunNam <jen9581@gmail.com>
Date:   Wed Nov 8 19:27:31 2023 +0900

    Error correction in client_video.py

commit f954ef9f150e822ad8cb01879b8e5d07ceb3aadc
Merge: 9528388 b3129a0
Author: JoEunNam <jen9581@gmail.com>
Date:   Wed Nov 8 19:25:43 2023 +0900

    Merge branch 'main' of https://github.com/mukmookk/Garodeung into CV

commit b3129a0e83d3a113489c0d2fb7decb7722f40484
Merge: 8d2382e 61814ea
Author: ChoEunNam <70051949+JoEunNam@users.noreply.github.com>
Date:   Wed Nov 8 10:21:39 2023 +0000

    Merge pull request #12 from mukmookk/RasberryPi
    
    Merge pull request #11 from mukmookk/main

commit 61814ea78664b0b7a4f0dee7deb67e7a2112a36b
Merge: c2e0904 8d2382e
Author: ChoEunNam <70051949+JoEunNam@users.noreply.github.com>
Date:   Wed Nov 8 10:21:03 2023 +0000

    Merge pull request #11 from mukmookk/main
    
    Synchronize version with main branch

commit 4724fe8f114b5d7fc1f0596141cb450df20190da
Merge: e119333 8d2382e
Author: ChoEunNam <70051949+JoEunNam@users.noreply.github.com>
Date:   Wed Nov 8 10:19:33 2023 +0000

    Merge pull request #10 from mukmookk/main
    
    Merge pull request #9 from mukmookk/CV

commit 8d2382ec91b9046741cab3c8678140d36e7ca5c7
Merge: 0a98772 e119333
Author: ChoEunNam <70051949+JoEunNam@users.noreply.github.com>
Date:   Wed Nov 8 10:18:39 2023 +0000

    Merge pull request #9 from mukmookk/CV
    
    Merge pull request #8 from mukmookk/main

commit e119333a4d9b078137823f507e8842846d3d8ebc
Merge: 1426d3b 0a98772
Author: ChoEunNam <70051949+JoEunNam@users.noreply.github.com>
Date:   Wed Nov 8 10:17:35 2023 +0000

    Merge pull request #8 from mukmookk/main
    
    Synchronize version with main branch

commit 9528388bc7e5d248fe6b761243b3241acf921a20
Author: JoEunNam <jen9581@gmail.com>
Date:   Wed Nov 8 19:12:48 2023 +0900

    [Dev] Rasberry Pi: Transfer video: not completed

commit 0a98772fef0c6852cc5b1cf2e62957e17180ce22
Merge: 2fd8d74 c2e0904
Author: ChoEunNam <70051949+JoEunNam@users.noreply.github.com>
Date:   Tue Nov 7 18:48:44 2023 +0000

    Merge pull request #7 from mukmookk/RasberryPi
    
    [Dev] Rasberry Pi: Transfer videos not images to CV server

commit c2e09045a5d75750ef8ec40aa328e99e1612f35f
Author: JoEunNam <jen9581@gmail.com>
Date:   Tue Nov 7 18:41:29 2023 +0000

    [Dev] Rasberry Pi: Transfer videos not images

commit 2fd8d7428b86bea552c70b65dae8d75ddf9402c5
Merge: 733f0db 1426d3b
Author: ChoEunNam <70051949+JoEunNam@users.noreply.github.com>
Date:   Tue Nov 7 00:03:39 2023 +0900

    Merge pull request #6 from mukmookk/CV
    
    [Dev] Rasberry Pi: Fusion server_cap.py with yolo

commit 1426d3b7c8bbf015debd384ab169448d34f2cef9
Author: JoEunNam <jen9581@gmail.com>
Date:   Tue Nov 7 00:01:36 2023 +0900

    [Dev] Rasberry Pi: Fusion server_cap.py with yolo

commit 733f0db1456f449697439eba380b0a386973c8a5
Merge: dbca329 61fe5f4
Author: ChoEunNam <70051949+JoEunNam@users.noreply.github.com>
Date:   Sun Nov 5 23:50:22 2023 +0900

    Merge pull request #5 from mukmookk/CV
    
    [Dev] Rasberry Pi4: capture and transfer

commit 61fe5f4f4c215759bf6c6a3c7a3f2ccf647de8de
Author: JoEunNam <jen9581@gmail.com>
Date:   Sun Nov 5 23:47:05 2023 +0900

    [Dev] Rasberry Pi4: capture and transfer

commit dbca3292c5dff8c3f79f0abdf77f0056dad029ad
Author: eden.17 <eden.17@kakaocorp.com>
Date:   Sun Nov 5 19:40:51 2023 +0900

    remove ELK password

commit 06ab4250559f183cbe6e9c82b49269cae31dc454
Author: eden.17 <eden.17@kakaocorp.com>
Date:   Sun Nov 5 19:40:02 2023 +0900

    Docker compose for ELK stack

commit 1619da49765767d6b02022a899c3cda585173120
Author: eden.17 <eden.17@kakaocorp.com>
Date:   Sun Nov 5 19:38:26 2023 +0900

    Docker compose for ELK stack

commit 4647bc8dd5c763956187933490941d883cdda579
Author: eden.17 <eden.17@kakaocorp.com>
Date:   Sun Nov 5 19:36:54 2023 +0900

    [Dev] Webserver: Streaming realtime video into webpage

commit 4d8e1922fcbc60f67aaaf22103ca92dc51dcb0af
Author: ChoEunNam <70051949+JoEunNam@users.noreply.github.com>
Date:   Thu Nov 2 18:12:06 2023 +0900

    Update README.md

commit efc932214835eec31747f76cc2e5c7c3b2d87647
Merge: 7901892 3ff3c73
Author: ChoEunNam <70051949+JoEunNam@users.noreply.github.com>
Date:   Thu Nov 2 18:05:13 2023 +0900

    Merge pull request #4 from mukmookk/CV
    
    [Dev] Computer Vision: create detect_api.py

commit 3ff3c7329dfd7069a94d675a32d0a9b220d433f3
Author: JoEunNam <jen9581@gmail.com>
Date:   Thu Nov 2 18:03:47 2023 +0900

    [Dev] Computer Vision: create detect_api.py

commit 7901892334c077cb5b5ef1554a9ff223fffe3060
Merge: c220d74 5db05a6
Author: JoEunNam <70051949+JoEunNam@users.noreply.github.com>
Date:   Sun Oct 8 23:47:51 2023 +0900

    Merge pull request #3 from mukmookk/CV
    
    CV

commit 5db05a61a22eee321b917672cf582642777fafe1
Author: JoEunNam <jen9581@gmail.com>
Date:   Sun Oct 8 23:45:30 2023 +0900

    Computer Vision Model folder re-upload

commit 010b7d81cb48ef0c0dea1ae8813f6229920d2fc8
Author: JoEunNam <jen9581@gmail.com>
Date:   Sun Oct 8 23:42:47 2023 +0900

    Directory reconstruction

commit c220d743e83482f23e8c7c999d1ee56e6211f8a8
Merge: 8f39df1 3eb0179
Author: JoEunNam <70051949+JoEunNam@users.noreply.github.com>
Date:   Sun Oct 8 23:20:33 2023 +0900

    Merge pull request #2 from mukmookk/CV
    
    Renaming

commit 3eb0179d37a849daeab68882f43f2d1e6cb705ed
Merge: d936ac1 8f39df1
Author: JoEunNam <70051949+JoEunNam@users.noreply.github.com>
Date:   Sun Oct 8 23:20:26 2023 +0900

    Merge branch 'main' into CV

commit d936ac18b76ec3cf750bd3b053af593a95e92a8a
Author: JoEunNam <jen9581@gmail.com>
Date:   Sun Oct 8 23:18:55 2023 +0900

    Renaming

commit 8f39df1139930739b770e8c684eeec8bb84bb2a1
Author: JoEunNam <70051949+JoEunNam@users.noreply.github.com>
Date:   Sun Oct 8 22:59:30 2023 +0900

    Update README.md
    
    yolov5 사용법

commit 4dfee0ae8bd37d6d5c830cc91eb474a96137962b
Author: JoEunNam <jen9581@gmail.com>
Date:   Sun Oct 8 22:50:51 2023 +0900

    Yolov5 trained with our custom dataset

commit 35db2dd5ac646c751df7861dd83edac67eb152fe
Merge: a81a941 0dccb10
Author: Youngmuk Kim <68116043+mukmookk@users.noreply.github.com>
Date:   Thu Sep 28 23:22:02 2023 +0900

    Merge pull request #1 from mukmookk/py_client
    
    branch sample

commit 0dccb10cd2b98a1fceef68822dd2929c8326dd1f
Author: mukmookk <mukmookk@gmail.com>
Date:   Thu Sep 28 23:16:45 2023 +0900

    branch sample

commit a81a941ebb8efac045f95a440c1f6fc2d493317e
Author: mukmookk <mukmookk@gmail.com>
Date:   Thu Sep 28 23:10:39 2023 +0900

    real time webcam transfer with websocket protocol

commit f5f498460b75b35e36e957726114d6f8cd23b2de
Author: mukmookk <mukmookk@gmail.com>
Date:   Thu Sep 28 23:02:06 2023 +0900

    first commit
